<?xml version="1.0" encoding="UTF-8"?>
<!-- Generated by org.testng.reporters.JUnitXMLReporter -->
<testsuite hostname="Santhan-pc" ignored="0" name="Default test" tests="3" failures="0" timestamp="2020-08-28T09:40:54 IST" time="4.372" errors="0">
  <testcase name="createBooking" time="2.857" classname="RestfulBookingAPIAutomation.RestfulBookingAPIAutomation.AppTest"/>
  <testcase name="getBooking" time="0.701" classname="RestfulBookingAPIAutomation.RestfulBookingAPIAutomation.AppTest"/>
  <testcase name="getBookings" time="0.774" classname="RestfulBookingAPIAutomation.RestfulBookingAPIAutomation.AppTest"/>
</testsuite> <!-- Default test -->
